# JRE version: OpenJDK Runtime Environment (11.0.12+7) (build 11.0.12+7-b1504.28-7817840)
# Java VM: OpenJDK 64-Bit Server VM (11.0.12+7-b1504.28-7817840, mixed mode, tiered, compressed oops, g1 gc, windows-amd64)
Heap:
 garbage-first heap   total 155648K, used 39557K [0x0000000080000000, 0x0000000100000000)
  region size 1024K, 18 young (18432K), 8 survivors (8192K)
 Metaspace       used 47661K, capacity 48795K, committed 48896K, reserved 1091584K
  class space    used 6133K, capacity 6561K, committed 6656K, reserved 1048576K
GC Heap History (14 events):
Event: 0.913 GC heap before
{Heap before GC invocations=0 (full 0):
 garbage-first heap   total 129024K, used 29696K [0x0000000080000000, 0x0000000100000000)
  region size 1024K, 24 young (24576K), 0 survivors (0K)
 Metaspace       used 9363K, capacity 9559K, committed 9728K, reserved 1058816K
  class space    used 919K, capacity 974K, committed 1024K, reserved 1048576K
}
Event: 0.935 GC heap after
{Heap after GC invocations=1 (full 0):
 garbage-first heap   total 129024K, used 9152K [0x0000000080000000, 0x0000000100000000)
  region size 1024K, 3 young (3072K), 3 survivors (3072K)
 Metaspace       used 9363K, capacity 9559K, committed 9728K, reserved 1058816K
  class space    used 919K, capacity 974K, committed 1024K, reserved 1048576K
}
Event: 2.075 GC heap before
{Heap before GC invocations=1 (full 0):
 garbage-first heap   total 129024K, used 82880K [0x0000000080000000, 0x0000000100000000)
  region size 1024K, 75 young (76800K), 3 survivors (3072K)
 Metaspace       used 13729K, capacity 14115K, committed 14208K, reserved 1062912K
  class space    used 1519K, capacity 1621K, committed 1664K, reserved 1048576K
}
Event: 2.086 GC heap after
{Heap after GC invocations=2 (full 0):
 garbage-first heap   total 129024K, used 15198K [0x0000000080000000, 0x0000000100000000)
  region size 1024K, 9 young (9216K), 9 survivors (9216K)
 Metaspace       used 13729K, capacity 14115K, committed 14208K, reserved 1062912K
  class space    used 1519K, capacity 1621K, committed 1664K, reserved 1048576K
}
Event: 3.952 GC heap before
{Heap before GC invocations=2 (full 0):
 garbage-first heap   total 129024K, used 68446K [0x0000000080000000, 0x0000000100000000)
  region size 1024K, 62 young (63488K), 9 survivors (9216K)
 Metaspace       used 20657K, capacity 21117K, committed 21296K, reserved 1069056K
  class space    used 2540K, capacity 2680K, committed 2688K, reserved 1048576K
}
Event: 3.963 GC heap after
{Heap after GC invocations=3 (full 0):
 garbage-first heap   total 129024K, used 17262K [0x0000000080000000, 0x0000000100000000)
  region size 1024K, 3 young (3072K), 3 survivors (3072K)
 Metaspace       used 20657K, capacity 21117K, committed 21296K, reserved 1069056K
  class space    used 2540K, capacity 2680K, committed 2688K, reserved 1048576K
}
Event: 4.977 GC heap before
{Heap before GC invocations=4 (full 0):
 garbage-first heap   total 129024K, used 82798K [0x0000000080000000, 0x0000000100000000)
  region size 1024K, 67 young (68608K), 3 survivors (3072K)
 Metaspace       used 27018K, capacity 27638K, committed 27904K, reserved 1073152K
  class space    used 3527K, capacity 3736K, committed 3840K, reserved 1048576K
}
Event: 4.983 GC heap after
{Heap after GC invocations=5 (full 0):
 garbage-first heap   total 129024K, used 19241K [0x0000000080000000, 0x0000000100000000)
  region size 1024K, 5 young (5120K), 5 survivors (5120K)
 Metaspace       used 27018K, capacity 27638K, committed 27904K, reserved 1073152K
  class space    used 3527K, capacity 3736K, committed 3840K, reserved 1048576K
}
Event: 6.061 GC heap before
{Heap before GC invocations=5 (full 0):
 garbage-first heap   total 129024K, used 75561K [0x0000000080000000, 0x0000000100000000)
  region size 1024K, 61 young (62464K), 5 survivors (5120K)
 Metaspace       used 35025K, capacity 35823K, committed 35968K, reserved 1081344K
  class space    used 4545K, capacity 4871K, committed 4992K, reserved 1048576K
}
Event: 6.075 GC heap after
{Heap after GC invocations=6 (full 0):
 garbage-first heap   total 129024K, used 22279K [0x0000000080000000, 0x0000000100000000)
  region size 1024K, 8 young (8192K), 8 survivors (8192K)
 Metaspace       used 35025K, capacity 35823K, committed 35968K, reserved 1081344K
  class space    used 4545K, capacity 4871K, committed 4992K, reserved 1048576K
}
Event: 7.292 GC heap before
{Heap before GC invocations=7 (full 0):
 garbage-first heap   total 129024K, used 92935K [0x0000000080000000, 0x0000000100000000)
  region size 1024K, 75 young (76800K), 8 survivors (8192K)
 Metaspace       used 40409K, capacity 41298K, committed 41344K, reserved 1085440K
  class space    used 5156K, capacity 5476K, committed 5504K, reserved 1048576K
}
Event: 7.307 GC heap after
{Heap after GC invocations=8 (full 0):
 garbage-first heap   total 155648K, used 27680K [0x0000000080000000, 0x0000000100000000)
  region size 1024K, 9 young (9216K), 9 survivors (9216K)
 Metaspace       used 40409K, capacity 41298K, committed 41344K, reserved 1085440K
  class space    used 5156K, capacity 5476K, committed 5504K, reserved 1048576K
}
Event: 8.578 GC heap before
{Heap before GC invocations=8 (full 0):
 garbage-first heap   total 155648K, used 107552K [0x0000000080000000, 0x0000000100000000)
  region size 1024K, 86 young (88064K), 9 survivors (9216K)
 Metaspace       used 47202K, capacity 48356K, committed 48640K, reserved 1091584K
  class space    used 6095K, capacity 6544K, committed 6656K, reserved 1048576K
}
Event: 8.591 GC heap after
{Heap after GC invocations=9 (full 0):
 garbage-first heap   total 155648K, used 30341K [0x0000000080000000, 0x0000000100000000)
  region size 1024K, 8 young (8192K), 8 survivors (8192K)
 Metaspace       used 47202K, capacity 48356K, committed 48640K, reserved 1091584K
  class space    used 6095K, capacity 6544K, committed 6656K, reserved 1048576K
}

