# JRE version: OpenJDK Runtime Environment (11.0.12+7) (build 11.0.12+7-b1504.28-7817840)
# Java VM: OpenJDK 64-Bit Server VM (11.0.12+7-b1504.28-7817840, mixed mode, tiered, compressed oops, g1 gc, windows-amd64)
Heap:
 garbage-first heap   total 155648K, used 53765K [0x0000000080000000, 0x0000000100000000)
  region size 1024K, 10 young (10240K), 7 survivors (7168K)
 Metaspace       used 64746K, capacity 66260K, committed 66520K, reserved 1107968K
  class space    used 8236K, capacity 8811K, committed 8920K, reserved 1048576K
GC Heap History (20 events):
Event: 1.042 GC heap before
{Heap before GC invocations=0 (full 0):
 garbage-first heap   total 129024K, used 29696K [0x0000000080000000, 0x0000000100000000)
  region size 1024K, 24 young (24576K), 0 survivors (0K)
 Metaspace       used 9379K, capacity 9619K, committed 9728K, reserved 1058816K
  class space    used 918K, capacity 972K, committed 1024K, reserved 1048576K
}
Event: 1.055 GC heap after
{Heap after GC invocations=1 (full 0):
 garbage-first heap   total 129024K, used 9120K [0x0000000080000000, 0x0000000100000000)
  region size 1024K, 3 young (3072K), 3 survivors (3072K)
 Metaspace       used 9379K, capacity 9619K, committed 9728K, reserved 1058816K
  class space    used 918K, capacity 972K, committed 1024K, reserved 1048576K
}
Event: 2.241 GC heap before
{Heap before GC invocations=1 (full 0):
 garbage-first heap   total 129024K, used 82848K [0x0000000080000000, 0x0000000100000000)
  region size 1024K, 75 young (76800K), 3 survivors (3072K)
 Metaspace       used 13740K, capacity 14115K, committed 14208K, reserved 1062912K
  class space    used 1517K, capacity 1621K, committed 1664K, reserved 1048576K
}
Event: 2.251 GC heap after
{Heap after GC invocations=2 (full 0):
 garbage-first heap   total 129024K, used 15264K [0x0000000080000000, 0x0000000100000000)
  region size 1024K, 9 young (9216K), 9 survivors (9216K)
 Metaspace       used 13740K, capacity 14115K, committed 14208K, reserved 1062912K
  class space    used 1517K, capacity 1621K, committed 1664K, reserved 1048576K
}
Event: 4.258 GC heap before
{Heap before GC invocations=2 (full 0):
 garbage-first heap   total 129024K, used 68512K [0x0000000080000000, 0x0000000100000000)
  region size 1024K, 62 young (63488K), 9 survivors (9216K)
 Metaspace       used 20684K, capacity 21181K, committed 21296K, reserved 1069056K
  class space    used 2541K, capacity 2680K, committed 2688K, reserved 1048576K
}
Event: 4.273 GC heap after
{Heap after GC invocations=3 (full 0):
 garbage-first heap   total 129024K, used 17707K [0x0000000080000000, 0x0000000100000000)
  region size 1024K, 3 young (3072K), 3 survivors (3072K)
 Metaspace       used 20684K, capacity 21181K, committed 21296K, reserved 1069056K
  class space    used 2541K, capacity 2680K, committed 2688K, reserved 1048576K
}
Event: 5.468 GC heap before
{Heap before GC invocations=4 (full 0):
 garbage-first heap   total 129024K, used 82219K [0x0000000080000000, 0x0000000100000000)
  region size 1024K, 66 young (67584K), 3 survivors (3072K)
 Metaspace       used 26997K, capacity 27638K, committed 27904K, reserved 1073152K
  class space    used 3520K, capacity 3736K, committed 3840K, reserved 1048576K
}
Event: 5.474 GC heap after
{Heap after GC invocations=5 (full 0):
 garbage-first heap   total 129024K, used 19701K [0x0000000080000000, 0x0000000100000000)
  region size 1024K, 5 young (5120K), 5 survivors (5120K)
 Metaspace       used 26997K, capacity 27638K, committed 27904K, reserved 1073152K
  class space    used 3520K, capacity 3736K, committed 3840K, reserved 1048576K
}
Event: 6.566 GC heap before
{Heap before GC invocations=5 (full 0):
 garbage-first heap   total 129024K, used 77045K [0x0000000080000000, 0x0000000100000000)
  region size 1024K, 62 young (63488K), 5 survivors (5120K)
 Metaspace       used 35018K, capacity 35823K, committed 35968K, reserved 1081344K
  class space    used 4541K, capacity 4871K, committed 4992K, reserved 1048576K
}
Event: 6.579 GC heap after
{Heap after GC invocations=6 (full 0):
 garbage-first heap   total 129024K, used 22936K [0x0000000080000000, 0x0000000100000000)
  region size 1024K, 8 young (8192K), 8 survivors (8192K)
 Metaspace       used 35018K, capacity 35823K, committed 35968K, reserved 1081344K
  class space    used 4541K, capacity 4871K, committed 4992K, reserved 1048576K
}
Event: 7.819 GC heap before
{Heap before GC invocations=7 (full 0):
 garbage-first heap   total 129024K, used 93592K [0x0000000080000000, 0x0000000100000000)
  region size 1024K, 75 young (76800K), 8 survivors (8192K)
 Metaspace       used 40430K, capacity 41297K, committed 41344K, reserved 1085440K
  class space    used 5154K, capacity 5476K, committed 5504K, reserved 1048576K
}
Event: 7.838 GC heap after
{Heap after GC invocations=8 (full 0):
 garbage-first heap   total 155648K, used 28322K [0x0000000080000000, 0x0000000100000000)
  region size 1024K, 9 young (9216K), 9 survivors (9216K)
 Metaspace       used 40430K, capacity 41297K, committed 41344K, reserved 1085440K
  class space    used 5154K, capacity 5476K, committed 5504K, reserved 1048576K
}
Event: 9.052 GC heap before
{Heap before GC invocations=8 (full 0):
 garbage-first heap   total 155648K, used 106146K [0x0000000080000000, 0x0000000100000000)
  region size 1024K, 85 young (87040K), 9 survivors (9216K)
 Metaspace       used 47105K, capacity 48258K, committed 48512K, reserved 1091584K
  class space    used 6082K, capacity 6512K, committed 6528K, reserved 1048576K
}
Event: 9.063 GC heap after
{Heap after GC invocations=9 (full 0):
 garbage-first heap   total 155648K, used 30939K [0x0000000080000000, 0x0000000100000000)
  region size 1024K, 8 young (8192K), 8 survivors (8192K)
 Metaspace       used 47105K, capacity 48258K, committed 48512K, reserved 1091584K
  class space    used 6082K, capacity 6512K, committed 6528K, reserved 1048576K
}
Event: 11.596 GC heap before
{Heap before GC invocations=9 (full 0):
 garbage-first heap   total 155648K, used 120027K [0x0000000080000000, 0x0000000100000000)
  region size 1024K, 91 young (93184K), 8 survivors (8192K)
 Metaspace       used 51962K, capacity 53249K, committed 53504K, reserved 1095680K
  class space    used 6647K, capacity 7134K, committed 7168K, reserved 1048576K
}
Event: 11.609 GC heap after
{Heap after GC invocations=10 (full 0):
 garbage-first heap   total 155648K, used 44325K [0x0000000080000000, 0x0000000100000000)
  region size 1024K, 12 young (12288K), 12 survivors (12288K)
 Metaspace       used 51962K, capacity 53249K, committed 53504K, reserved 1095680K
  class space    used 6647K, capacity 7134K, committed 7168K, reserved 1048576K
}
Event: 13.081 GC heap before
{Heap before GC invocations=10 (full 0):
 garbage-first heap   total 155648K, used 89381K [0x0000000080000000, 0x0000000100000000)
  region size 1024K, 57 young (58368K), 12 survivors (12288K)
 Metaspace       used 58824K, capacity 60288K, committed 60376K, reserved 1101824K
  class space    used 7499K, capacity 8091K, committed 8152K, reserved 1048576K
}
Event: 13.115 GC heap after
{Heap after GC invocations=11 (full 0):
 garbage-first heap   total 155648K, used 47280K [0x0000000080000000, 0x0000000100000000)
  region size 1024K, 3 young (3072K), 3 survivors (3072K)
 Metaspace       used 58824K, capacity 60288K, committed 60376K, reserved 1101824K
  class space    used 7499K, capacity 8091K, committed 8152K, reserved 1048576K
}
Event: 14.275 GC heap before
{Heap before GC invocations=12 (full 0):
 garbage-first heap   total 155648K, used 108720K [0x0000000080000000, 0x0000000100000000)
  region size 1024K, 64 young (65536K), 3 survivors (3072K)
 Metaspace       used 64544K, capacity 66046K, committed 66264K, reserved 1105920K
  class space    used 8218K, capacity 8807K, committed 8920K, reserved 1048576K
}
Event: 14.283 GC heap after
{Heap after GC invocations=13 (full 0):
 garbage-first heap   total 155648K, used 51717K [0x0000000080000000, 0x0000000100000000)
  region size 1024K, 7 young (7168K), 7 survivors (7168K)
 Metaspace       used 64544K, capacity 66046K, committed 66264K, reserved 1105920K
  class space    used 8218K, capacity 8807K, committed 8920K, reserved 1048576K
}

